Mon May 16 21:51:56 2022, 5, 0, /1Mon May 16 21:51:58 2022, 1, 1, Mon May 16 21:52:01 2022, 1, 1, Mon May 16 21:52:20 2022, 5, 0, /2Mon May 16 21:52:25 2022, 1, 2, Mon May 16 21:52:28 2022, 1, 1, Mon May 16 21:52:41 2022, 2, 1, hello Mon May 16 21:52:41 2022, 4, 1, Mon May 16 21:53:36 2022, 5, 0, /1Mon May 16 21:53:38 2022, 5, 0, /2Mon May 16 21:54:15 2022, 4, 2, Mon May 16 21:55:08 2022, 5, 0, /1
Mon May 16 21:55:11 2022, 5, 0, /2
Mon May 16 21:55:24 2022, 2, 2, hello there
Mon May 16 21:55:24 2022, 4, 2, 
Mon May 16 22:34:25 2022, type_num=5, 0, /1
Mon May 16 22:34:31 2022, type_num=4, 1, 
Mon May 16 22:35:54 2022, type_num=5, CS_INIT, 0, /1
Mon May 16 22:36:00 2022, type_num=1, CS_LIST, 1, 
Mon May 16 22:36:02 2022, type_num=1, CS_LIST, 1, 
Mon May 16 22:36:21 2022, type_num=3, CS_TO_ONE, 1, hello
Mon May 16 22:36:33 2022, type_num=5, CS_INIT, 0, /2
Mon May 16 22:38:08 2022, type_num=5, CS_INIT, 0, /1
Mon May 16 22:38:10 2022, type_num=5, CS_INIT, 0, /2
Mon May 16 22:38:22 2022, type_num=1, CS_LIST, 1, 
Mon May 16 22:38:24 2022, type_num=1, CS_LIST, 1, 
Mon May 16 22:38:26 2022, type_num=1, CS_LIST, 2, 
Mon May 16 22:38:28 2022, type_num=1, CS_LIST, 2, 
Mon May 16 22:38:35 2022, type_num=3, CS_TO_ONE, 2, hello there
Mon May 16 22:41:43 2022, type_num=5, CS_INIT, 0, /1
Mon May 16 22:41:44 2022, type_num=5, CS_INIT, 0, /2
Mon May 16 22:49:50 2022, type_num=5, CS_INIT, 0, /1
Mon May 16 22:49:52 2022, type_num=5, CS_INIT, 0, /2
Mon May 16 22:49:57 2022, type_num=3, CS_TO_ONE, 2, hello
Mon May 16 22:50:01 2022, type_num=3, CS_TO_ONE, 2, hello
Mon May 16 22:50:06 2022, type_num=3, CS_TO_ONE, 2, hello
Mon May 16 22:50:49 2022, type_num=4, CS_STOP, 1, 
Mon May 16 22:51:36 2022, type_num=5, CS_INIT, 0, /1
Mon May 16 22:51:38 2022, type_num=5, CS_INIT, 0, /2
Mon May 16 22:51:40 2022, type_num=1, CS_LIST, 2, 
Mon May 16 22:51:47 2022, type_num=3, CS_TO_ONE, 2, hello
Mon May 16 22:52:01 2022, type_num=1, CS_LIST, 2, 
Mon May 16 22:52:03 2022, type_num=1, CS_LIST, 2, 
Mon May 16 22:52:06 2022, type_num=1, CS_LIST, 2, 
Mon May 16 22:55:43 2022, type_num=5, CS_INIT, 0, /1
Mon May 16 22:55:45 2022, type_num=5, CS_INIT, 0, /2
Mon May 16 22:55:50 2022, type_num=3, CS_TO_ONE, 2, hello
Mon May 16 22:57:10 2022, type_num=5, CS_INIT, 0, /1
Mon May 16 22:57:13 2022, type_num=5, CS_INIT, 0, /2
Mon May 16 22:57:15 2022, type_num=1, CS_LIST, 2, 
Mon May 16 22:57:18 2022, type_num=1, CS_LIST, 1, 
Mon May 16 22:57:20 2022, type_num=1, CS_LIST, 1, 
Mon May 16 22:57:23 2022, type_num=1, CS_LIST, 2, 
Mon May 16 22:57:35 2022, type_num=1, CS_LIST, 1, 
Mon May 16 23:00:08 2022, type_num=4, CS_STOP, 1, 
Mon May 16 23:00:20 2022, type_num=5, CS_INIT, 0, /1
Mon May 16 23:00:25 2022, type_num=5, CS_INIT, 0, /2
Mon May 16 23:00:28 2022, type_num=1, CS_LIST, 0, 
Mon May 16 23:00:32 2022, type_num=1, CS_LIST, 0, 
Mon May 16 23:00:37 2022, type_num=1, CS_LIST, 0, 
Mon May 16 23:00:41 2022, type_num=1, CS_LIST, 0, 
Mon May 16 23:00:44 2022, type_num=1, CS_LIST, 0, 
Mon May 16 23:01:20 2022, type_num=4, CS_STOP, 0, 
Mon May 16 23:01:29 2022, type_num=5, CS_INIT, 0, /1
Mon May 16 23:01:33 2022, type_num=5, CS_INIT, 0, /2
Mon May 16 23:01:36 2022, type_num=1, CS_LIST, 2, 
Mon May 16 23:01:50 2022, type_num=1, CS_LIST, 2, 
Mon May 16 23:02:24 2022, type_num=5, CS_INIT, 0, /1
Mon May 16 23:02:26 2022, type_num=5, CS_INIT, 0, /2
Mon May 16 23:02:28 2022, type_num=1, CS_LIST, 2, 
Mon May 16 23:02:34 2022, type_num=3, CS_TO_ONE, 2, hello
Mon May 16 23:02:43 2022, type_num=3, CS_TO_ONE, 1, hello again
Mon May 16 23:02:57 2022, type_num=4, CS_STOP, 2, 
Mon May 16 23:03:29 2022, type_num=5, CS_INIT, 0, /1
Mon May 16 23:03:31 2022, type_num=5, CS_INIT, 0, /2
Mon May 16 23:03:38 2022, type_num=2, CS_TO_ALL, 2, hello there
Mon May 16 23:03:38 2022, type_num=4, CS_STOP, 2, 
Mon May 16 23:04:09 2022, type_num=5, CS_INIT, 0, /1
Mon May 16 23:04:11 2022, type_num=5, CS_INIT, 0, /2
Mon May 16 23:04:15 2022, type_num=1, CS_LIST, 2, 
Mon May 16 23:04:18 2022, type_num=1, CS_LIST, 2, 
Mon May 16 23:04:22 2022, type_num=1, CS_LIST, 1, 
Mon May 16 23:06:01 2022, type_num=4, CS_STOP, 1, 
Mon May 16 23:06:23 2022, type_num=5, CS_INIT, 0, /1
Mon May 16 23:06:25 2022, type_num=5, CS_INIT, 0, /2
Mon May 16 23:06:28 2022, type_num=1, CS_LIST, 2, 
Mon May 16 23:06:35 2022, type_num=3, CS_TO_ONE, 2, hello there
Mon May 16 23:06:40 2022, type_num=1, CS_LIST, 1, 
Mon May 16 23:06:50 2022, type_num=3, CS_TO_ONE, 1, hello there
Mon May 16 23:06:54 2022, type_num=3, CS_TO_ONE, 1, hello there
Mon May 16 23:07:09 2022, type_num=1, CS_LIST, 1, 
Mon May 16 23:07:12 2022, type_num=1, CS_LIST, 2, 
Mon May 16 23:07:23 2022, type_num=2, CS_TO_ALL, 2, hello 
Mon May 16 23:07:29 2022, type_num=1, CS_LIST, 1, 
Mon May 16 23:07:31 2022, type_num=1, CS_LIST, 2, 
Mon May 16 23:08:07 2022, type_num=4, CS_STOP, 1, 
Mon May 16 23:18:11 2022, type_num=5, CS_INIT, 0, /1
Mon May 16 23:18:13 2022, type_num=4, CS_STOP, 1, 
Mon May 16 23:20:03 2022, type_num=5, CS_INIT, 0, /1
Mon May 16 23:20:06 2022, type_num=5, CS_INIT, 0, /2
Mon May 16 23:20:09 2022, type_num=4, CS_STOP, 2, 
Mon May 16 23:22:03 2022, type_num=5, CS_INIT, 0, /2
Mon May 16 23:22:10 2022, type_num=5, CS_INIT, 0, /1
Mon May 16 23:22:16 2022, type_num=4, CS_STOP, 2, 
Mon May 16 23:22:18 2022, type_num=4, CS_STOP, 1, 
Mon May 16 23:22:23 2022, type_num=5, CS_INIT, 0, /1
Mon May 16 23:22:25 2022, type_num=5, CS_INIT, 0, /2
Mon May 16 23:22:30 2022, type_num=4, CS_STOP, 2, 
Mon May 16 23:22:34 2022, type_num=5, CS_INIT, 0, /2
Mon May 16 23:22:39 2022, type_num=2, CS_TO_ALL, 2, hello 
Mon May 16 23:22:43 2022, type_num=1, CS_LIST, 1, 
Mon May 16 23:23:03 2022, type_num=1, CS_LIST, 1, 
Mon May 16 23:23:09 2022, type_num=2, CS_TO_ALL, 1, helloooo 
Mon May 16 23:23:14 2022, type_num=4, CS_STOP, 2, 
